Arguments: 
  /usr/local/bin/node /opt/yarn-v1.22.5/bin/yarn.js install

PATH: 
  /usr/local/sbin:/usr/local/bin:/usr/sbin:/usr/bin:/sbin:/bin

Yarn version: 
  1.22.5

Node version: 
  15.1.0

Platform: 
  linux x64

Trace: 
  Error: getaddrinfo EAI_AGAIN registry.yarnpkg.com
      at GetAddrInfoReqWrap.onlookup [as oncomplete] (node:dns:67:26)

npm manifest: 
  {
    "name": "chapter-2",
    "version": "1.0.0",
    "description": "",
    "main": "index.js",
    "scripts": {
      "test": "echo \"Error: no test specified\" && exit 1"
    },
    "author": "",
    "license": "ISC",
    "dependencies": {
      "tsc": "^1.20150623.0"
    },
    "devDependencies": {
      "typescript": "^4.0.5"
    }
  }

yarn manifest: 
  No manifest

Lockfile: 
  No lockfile
